{"level":"info","message":"Server running on port 3000","timestamp":"2025-06-16T07:54:27.779Z"}
{"level":"info","message":"Server running on port 3000","timestamp":"2025-06-16T08:21:40.558Z"}
{"level":"info","message":"Generating account for username: NLG","timestamp":"2025-06-16T08:21:51.370Z"}
{"code":"ERR_CRYPTO_INVALID_KEYLEN","level":"error","message":"Failed to generate account for NLG: Invalid key length","stack":"RangeError: Invalid key length\n    at Cipheriv.createCipherBase (node:internal/crypto/cipher:121:19)\n    at Cipheriv.createCipherWithIV (node:internal/crypto/cipher:133:3)\n    at new Cipheriv (node:internal/crypto/cipher:234:3)\n    at createCipheriv (node:crypto:143:10)\n    at encrypt (D:\\projects\\ts\\w3p-dev\\crypto_manager\\src\\utils\\encryption.ts:9:32)\n    at WalletManager.generateAccount (D:\\projects\\ts\\w3p-dev\\crypto_manager\\src\\blockchain\\wallet.ts:12:46)\n    at D:\\projects\\ts\\w3p-dev\\crypto_manager\\src\\api\\routes\\account.ts:33:41","timestamp":"2025-06-16T08:21:51.407Z"}
{"level":"info","message":"Server running on port 3000","timestamp":"2025-06-16T08:25:53.760Z"}
{"level":"info","message":"Server running on port 3000","timestamp":"2025-06-16T08:27:00.252Z"}
{"level":"info","message":"Server running on port 3000","timestamp":"2025-06-16T08:27:04.005Z"}
{"level":"info","message":"Server running on port 3000","timestamp":"2025-06-16T08:27:27.389Z"}
{"level":"info","message":"Server running on port 3000","timestamp":"2025-06-16T08:27:30.980Z"}
{"level":"info","message":"Server running on port 3000","timestamp":"2025-06-16T08:27:33.667Z"}
{"level":"info","message":"Generating account for username: NLG","timestamp":"2025-06-16T08:27:47.113Z"}
{"code":"ERR_CRYPTO_INVALID_KEYLEN","level":"error","message":"Failed to generate account for NLG: Invalid key length","stack":"RangeError: Invalid key length\n    at Cipheriv.createCipherBase (node:internal/crypto/cipher:121:19)\n    at Cipheriv.createCipherWithIV (node:internal/crypto/cipher:133:3)\n    at new Cipheriv (node:internal/crypto/cipher:234:3)\n    at createCipheriv (node:crypto:143:10)\n    at encrypt (D:\\projects\\ts\\w3p-dev\\crypto_manager\\src\\utils\\encryption.ts:9:32)\n    at WalletManager.generateAccount (D:\\projects\\ts\\w3p-dev\\crypto_manager\\src\\blockchain\\wallet.ts:12:46)\n    at D:\\projects\\ts\\w3p-dev\\crypto_manager\\src\\api\\routes\\account.ts:33:41","timestamp":"2025-06-16T08:27:47.149Z"}
{"level":"info","message":"Server running on port 3000","timestamp":"2025-06-16T08:28:14.102Z"}
{"level":"info","message":"Generating account for username: NLG","timestamp":"2025-06-16T08:28:15.079Z"}
{"code":"ERR_CRYPTO_INVALID_KEYLEN","level":"error","message":"Failed to generate account for NLG: Invalid key length","stack":"RangeError: Invalid key length\n    at Cipheriv.createCipherBase (node:internal/crypto/cipher:121:19)\n    at Cipheriv.createCipherWithIV (node:internal/crypto/cipher:133:3)\n    at new Cipheriv (node:internal/crypto/cipher:234:3)\n    at createCipheriv (node:crypto:143:10)\n    at encrypt (D:\\projects\\ts\\w3p-dev\\crypto_manager\\src\\utils\\encryption.ts:9:32)\n    at WalletManager.generateAccount (D:\\projects\\ts\\w3p-dev\\crypto_manager\\src\\blockchain\\wallet.ts:12:46)\n    at D:\\projects\\ts\\w3p-dev\\crypto_manager\\src\\api\\routes\\account.ts:33:41","timestamp":"2025-06-16T08:28:15.115Z"}
{"level":"info","message":"Server running on port 3000","timestamp":"2025-06-16T08:29:04.611Z"}
{"level":"info","message":"Generating account for username: NLG","timestamp":"2025-06-16T08:29:08.201Z"}
{"level":"info","message":"Account and API key generated for username: NLG, address: 0x21E53462A45850acA7FA898FC83791eeF9367D5a","timestamp":"2025-06-16T08:29:08.237Z"}
{"level":"info","message":"Account already exists for username: NLG","timestamp":"2025-06-16T08:29:47.549Z"}
{"level":"info","message":"Server running on port 3000","timestamp":"2025-06-16T08:37:52.522Z"}
{"level":"info","message":"Loaded 1 active addresses","timestamp":"2025-06-16T08:37:52.537Z"}
{"level":"info","message":"WebSocket provider initialized for mind","timestamp":"2025-06-16T08:37:52.539Z"}
{"level":"info","message":"Set up ERC20 Transfer listener for USDT on mind","timestamp":"2025-06-16T08:37:52.541Z"}
{"level":"info","message":"Set up ERC20 Transfer listener for MUSD on mind","timestamp":"2025-06-16T08:37:52.542Z"}
{"level":"info","message":"Indexer initialized","timestamp":"2025-06-16T08:37:52.542Z"}
{"level":"info","message":"WebSocket connected for mind","timestamp":"2025-06-16T08:37:52.914Z"}
{"level":"info","message":"Account already exists for username: NLG","timestamp":"2025-06-16T08:38:19.928Z"}
{"level":"info","message":"Generating account for username: NLG1","timestamp":"2025-06-16T08:38:23.687Z"}
{"level":"info","message":"Account and API key generated for username: NLG1, address: 0xf831173DbAa243FB08540252E2EcdFD96050bDf1","timestamp":"2025-06-16T08:38:23.735Z"}
{"level":"info","message":"WebSocket provider initialized for mind","timestamp":"2025-06-16T08:43:55.912Z"}
{"level":"info","message":"Server running on port 3000","timestamp":"2025-06-16T08:43:55.916Z"}
{"level":"info","message":"Set up ERC20 Transfer listener for USDT on mind","timestamp":"2025-06-16T08:43:55.918Z"}
{"level":"info","message":"Set up ERC20 Transfer listener for MUSD on mind","timestamp":"2025-06-16T08:43:55.919Z"}
{"level":"info","message":"Indexer initialized for all chains","timestamp":"2025-06-16T08:43:55.919Z"}
{"level":"info","message":"WebSocket connected for mind","timestamp":"2025-06-16T08:43:56.267Z"}
{"level":"info","message":"WebSocket provider initialized for mind","timestamp":"2025-06-16T08:46:05.582Z"}
{"level":"info","message":"Server running on port 3000","timestamp":"2025-06-16T08:46:05.586Z"}
{"level":"info","message":"Set up ERC20 Transfer listener for USDT on mind","timestamp":"2025-06-16T08:46:05.588Z"}
{"level":"info","message":"Set up ERC20 Transfer listener for MUSD on mind","timestamp":"2025-06-16T08:46:05.588Z"}
{"level":"info","message":"Indexer initialized for all chains","timestamp":"2025-06-16T08:46:05.589Z"}
{"level":"info","message":"WebSocket connected for mind","timestamp":"2025-06-16T08:46:06.060Z"}
{"level":"info","message":"WebSocket provider initialized for mind","timestamp":"2025-06-16T08:54:46.454Z"}
{"level":"info","message":"Server running on port 3000","timestamp":"2025-06-16T08:54:46.459Z"}
{"level":"info","message":"Set up ERC20 Transfer listener for USDT on mind","timestamp":"2025-06-16T08:54:46.460Z"}
{"level":"info","message":"Set up ERC20 Transfer listener for MUSD on mind","timestamp":"2025-06-16T08:54:46.461Z"}
{"level":"info","message":"WebSocket connected for mind","timestamp":"2025-06-16T08:54:46.790Z"}
{"level":"info","message":"WebSocket provider initialized for mind","timestamp":"2025-06-16T08:57:47.561Z"}
{"level":"info","message":"Server running on port 3000","timestamp":"2025-06-16T08:57:47.566Z"}
{"level":"info","message":"Set up ERC20 Transfer listener for USDT on mind","timestamp":"2025-06-16T08:57:47.568Z"}
{"level":"info","message":"Set up ERC20 Transfer listener for MUSD on mind","timestamp":"2025-06-16T08:57:47.568Z"}
{"level":"info","message":"WebSocket connected for mind","timestamp":"2025-06-16T08:57:48.478Z"}
{"level":"info","message":"Generating account for username: NLG1","timestamp":"2025-06-16T08:57:49.591Z"}
{"level":"info","message":"Account and API key generated for username: NLG1, address: 0x0925Fa8FA75eb9783C2c157048bF5Abd45401CE7","timestamp":"2025-06-16T08:57:49.624Z"}
{"level":"info","message":"Server running on port 3000","timestamp":"2025-06-16T09:02:56.688Z"}
